Arguments: 
  /usr/bin/node /usr/share/yarn/bin/yarn.js add amcharts4

PATH: 
  /home/sunera/miniconda3/bin:/home/sunera/miniconda3/condabin:/usr/lib/dart/bin:/home/sunera/Programs/flutter/bin:/media/sunera/Local Disk 2/Projects/Web/os-schedular/node_modules/.bin:/usr/local/sbin:/usr/local/bin:/usr/sbin:/usr/bin:/sbin:/bin:/usr/games:/usr/local/games:/snap/bin:/usr/lib/jvm/java-8-oracle/bin:/usr/lib/jvm/java-8-oracle/db/bin:/usr/lib/jvm/java-8-oracle/jre/bin:/home/sunera/.pub-cache/bin:/opt/yarn-1.13.0/bin

Yarn version: 
  1.15.2

Node version: 
  10.15.3

Platform: 
  linux x64

Trace: 
  Error: https://registry.yarnpkg.com/amcharts4: Not found
      at Request.params.callback [as _callback] (/usr/share/yarn/lib/cli.js:66058:18)
      at Request.self.callback (/usr/share/yarn/lib/cli.js:129541:22)
      at Request.emit (events.js:189:13)
      at Request.<anonymous> (/usr/share/yarn/lib/cli.js:130513:10)
      at Request.emit (events.js:189:13)
      at IncomingMessage.<anonymous> (/usr/share/yarn/lib/cli.js:130435:12)
      at Object.onceWrapper (events.js:277:13)
      at IncomingMessage.emit (events.js:194:15)
      at endReadableNT (_stream_readable.js:1125:12)
      at process._tickCallback (internal/process/next_tick.js:63:19)

npm manifest: 
  {
    "name": "os-scheduler-simulator",
    "version": "1.0.0",
    "description": "Simple webapp to simulate OS scheduling algorithms [Created for Operating Systems module project]",
    "main": "index.html",
    "repository": "https://www.github.com/kdsuneraavinash/os-scheduler-simulator",
    "author": "K. D. Sunera Avinash Chandrasiri",
    "license": "MIT",
    "private": false,
    "dependencies": {
      "bootstrap": "4.3.1",
      "bootstrap-colorpicker": "^3.0.3",
      "font-awesome": "^4.7.0",
      "jquery": "1.9",
      "jquery-nice-select": "^1.1.0",
      "pixi.js": "^5.0.0-rc.2",
      "popper.js": "^1.14",
      "tabulator-tables": "^4.2.3",
      "webfont.js": "^1.0.2"
    }
  }

yarn manifest: 
  No manifest

Lockfile: 
  # THIS IS AN AUTOGENERATED FILE. DO NOT EDIT THIS FILE DIRECTLY.
  # yarn lockfile v1
  
  
  "@pixi/accessibility@^5.0.0-rc.2":
    version "5.0.0-rc.2"
    resolved "https://registry.yarnpkg.com/@pixi/accessibility/-/accessibility-5.0.0-rc.2.tgz#0265eeac685f419fc4d82166a26bf65dddb7b105"
    integrity sha512-e9HUD1akzqOumSJQYiP2YYDNexQDBuTcnqB7X6xff/MiqPAUiBhiLvS4SdryC8egXbJltva5IW+VecW0020mAA==
    dependencies:
      "@pixi/core" "^5.0.0-rc.2"
      "@pixi/display" "^5.0.0-rc.2"
      "@pixi/utils" "^5.0.0-rc.2"
      ismobilejs "^0.5.1"
  
  "@pixi/app@^5.0.0-rc.2":
    version "5.0.0-rc.2"
    resolved "https://registry.yarnpkg.com/@pixi/app/-/app-5.0.0-rc.2.tgz#c1cf2950d1350361907ad03f3ed8f0d516848c1e"
    integrity sha512-THJg/45IgPjdUrmE+KkDQ3ewckKE01FlrzrXEn3JsCDfHop0594r5g0Ocu6CqiwiN3XUQ5vf+atEKpxbI/QqIw==
    dependencies:
      "@pixi/core" "^5.0.0-rc.2"
      "@pixi/display" "^5.0.0-rc.2"
      "@pixi/settings" "^5.0.0-rc.2"
  
  "@pixi/canvas-renderer@^5.0.0-rc.2":
    version "5.0.0-rc.2"
    resolved "https://registry.yarnpkg.com/@pixi/canvas-renderer/-/canvas-renderer-5.0.0-rc.2.tgz#95d45020dace720f7dcd2360f305053f6563c9c5"
    integrity sha512-vpmPTyytDa4ExO+uvIRWy/A7v7hRrqUF3PlAWJHTfFJ9zwiEytbwXjlFXNi906xohEnRSbCV3u2Vp3ajgDWBJA==
    dependencies:
      "@pixi/constants" "^5.0.0-rc.2"
      "@pixi/core" "^5.0.0-rc.2"
      "@pixi/math" "^5.0.0-rc.2"
      "@pixi/settings" "^5.0.0-rc.2"
      "@pixi/utils" "^5.0.0-rc.2"
  
  "@pixi/constants@^5.0.0-rc.2":
    version "5.0.0-rc.2"
    resolved "https://registry.yarnpkg.com/@pixi/constants/-/constants-5.0.0-rc.2.tgz#13d40ef317a0e077f6fc202ea7abc709b73d349b"
    integrity sha512-B35/biTYLCXNHXkG0111ohLUU7UShf0pMye5QZJ6x8T5S7fQYM/Ujz8WyhhrvDWNT8MAkZxp9VLvwZByOqMVgQ==
    dependencies:
      ismobilejs "^0.5.1"
  
  "@pixi/core@^5.0.0-rc.2":
    version "5.0.0-rc.2"
    resolved "https://registry.yarnpkg.com/@pixi/core/-/core-5.0.0-rc.2.tgz#42836c98747133f7e3afc31ab5bfdf449d97f8ff"
    integrity sha512-wbV4mu6AsnLJLi2poYJrnM5tCPKRcDtrqgxekLkpNbnTQS/i7GVQ4hWz61K3qcFtG+66zdWwIV68bGKIKLkMRw==
    dependencies:
      "@pixi/constants" "^5.0.0-rc.2"
      "@pixi/display" "^5.0.0-rc.2"
      "@pixi/math" "^5.0.0-rc.2"
      "@pixi/settings" "^5.0.0-rc.2"
      "@pixi/ticker" "^5.0.0-rc.2"
      "@pixi/utils" "^5.0.0-rc.2"
      eventemitter3 "^2.0.0"
      ismobilejs "^0.5.1"
      mini-runner "^1.0.1"
  
  "@pixi/display@^5.0.0-rc.2":
    version "5.0.0-rc.2"
    resolved "https://registry.yarnpkg.com/@pixi/display/-/display-5.0.0-rc.2.tgz#4740b3bc933ff303acf2e54384d22de4c24f0609"
    integrity sha512-dIWJTkXAMnufOB1DLi14YabMYJH4loUQtoWzPMR4DZq6Uftw9QczdcYBZk0L19VV7B9caLHzefqMKVDzgp2ZtA==
    dependencies:
      "@pixi/math" "^5.0.0-rc.2"
      "@pixi/settings" "^5.0.0-rc.2"
      "@pixi/utils" "^5.0.0-rc.2"
      eventemitter3 "^2.0.0"
      remove-array-items "^1.0.0"
  
  "@pixi/extract@^5.0.0-rc.2":
    version "5.0.0-rc.2"
    resolved "https://registry.yarnpkg.com/@pixi/extract/-/extract-5.0.0-rc.2.tgz#2233385b223cdd894a2c6e9cec7c04d745a60cec"
    integrity sha512-+7d8caumW1XbYU2nvmo0g44SlvlTqz+55zN9KUfJW/cH8pd2JfLIQTOBLRr0nKKlB9SXmZiRdgc4gYlrr+FzSw==
    dependencies:
      "@pixi/core" "^5.0.0-rc.2"
      "@pixi/math" "^5.0.0-rc.2"
      "@pixi/utils" "^5.0.0-rc.2"
  
  "@pixi/filter-alpha@^5.0.0-rc.2":
    version "5.0.0-rc.2"
    resolved "https://registry.yarnpkg.com/@pixi/filter-alpha/-/filter-alpha-5.0.0-rc.2.tgz#70ba1479b7936f60d3160eb46518bdcbd4c10bdf"
    integrity sha512-gHaEwl8DqBprInhPi4o84c4WESGeNRWkh0DMKbtLJGb4O53gB2I1YAeon2vPI+EiFqVYwH4e+YMM0Uk5Z5Lizw==
    dependencies:
      "@pixi/core" "^5.0.0-rc.2"
      "@pixi/fragments" "^5.0.0-rc.2"
  
  "@pixi/filter-blur@^5.0.0-rc.2":
    version "5.0.0-rc.2"
    resolved "https://registry.yarnpkg.com/@pixi/filter-blur/-/filter-blur-5.0.0-rc.2.tgz#bd8a2c509d0cf608f833559ecaed8f7d76a0f4a5"
    integrity sha512-SWghcN+4E2Gag+5Uy99tJ2bpBM6wh5bjy+VPxgHFAwigQbFbLI02bka9sS5jv7flDYatAPwyZurRgpu7/EKTmg==
    dependencies:
      "@pixi/core" "^5.0.0-rc.2"
      "@pixi/settings" "^5.0.0-rc.2"
  
  "@pixi/filter-color-matrix@^5.0.0-rc.2":
    version "5.0.0-rc.2"
    resolved "https://registry.yarnpkg.com/@pixi/filter-color-matrix/-/filter-color-matrix-5.0.0-rc.2.tgz#ae7d9362e8b00a467e945b06878a15e386da84ee"
    integrity sha512-FCgNivruRl+Z+D0VfDO7rGymo7EkUp/TU9TeVenRN6CnvYNSwGidzJlo4fQwFJ5zGLbIgRNwz8JfoUW1k9GX9Q==
    dependencies:
      "@pixi/core" "^5.0.0-rc.2"
      "@pixi/fragments" "^5.0.0-rc.2"
  
  "@pixi/filter-displacement@^5.0.0-rc.2":
    version "5.0.0-rc.2"
    resolved "https://registry.yarnpkg.com/@pixi/filter-displacement/-/filter-displacement-5.0.0-rc.2.tgz#81c7b83b37200f1156957cea3466d448f1c7d076"
    integrity sha512-EYPxI78llL3yom3MToEz+BwPb1dIrW1F5sKR+HBq87ngClsR/BugQ/mxsmMhiLRvqt7ZyzMQEy/1nQENUzy/8w==
    dependencies:
      "@pixi/core" "^5.0.0-rc.2"
      "@pixi/math" "^5.0.0-rc.2"
  
  "@pixi/filter-fxaa@^5.0.0-rc.2":
    version "5.0.0-rc.2"
    resolved "https://registry.yarnpkg.com/@pixi/filter-fxaa/-/filter-fxaa-5.0.0-rc.2.tgz#fb1d6af631d01d5ac0e9255e70eb6d0d3b384173"
    integrity sha512-LnthMsrnpHOaM6Nmu9BE3eaWiReqr8T/7SQbcyZFAq8smv4j/4//qDJHFoF4fWTEzcwRdVgAADc2DBMCsLirrw==
    dependencies:
      "@pixi/core" "^5.0.0-rc.2"
  
  "@pixi/filter-noise@^5.0.0-rc.2":
    version "5.0.0-rc.2"
    resolved "https://registry.yarnpkg.com/@pixi/filter-noise/-/filter-noise-5.0.0-rc.2.tgz#8359d4e8a6d293154554ec546f6dc9f244ee204c"
    integrity sha512-+yoq9FadWrCpmo6Szwa/1jOPOAA7BH4Dmfo2I7VziAS2eCMurwK8VrxCARYl/bLOFpAS4SDLs9IITvN7hFQU3w==
    dependencies:
      "@pixi/core" "^5.0.0-rc.2"
      "@pixi/fragments" "^5.0.0-rc.2"
  
  "@pixi/fragments@^5.0.0-rc.2":
    version "5.0.0-rc.2"
    resolved "https://registry.yarnpkg.com/@pixi/fragments/-/fragments-5.0.0-rc.2.tgz#fd3bd2a998954d5f921294e013b589ded449d509"
    integrity sha512-8wAeVeanyA1JYgBrH1HypnflL8n/vEHuJpzN7L1ELL40TynhAE9ukpOnGnjyk635umY6Fay0IZxzWAIIP+wdyw==
    dependencies:
      "@pixi/core" "^5.0.0-rc.2"
  
  "@pixi/graphics@^5.0.0-rc.2":
    version "5.0.0-rc.2"
    resolved "https://registry.yarnpkg.com/@pixi/graphics/-/graphics-5.0.0-rc.2.tgz#196677108b8153b5841edcd9537c1ca259502ab1"
    integrity sha512-0yT4JQ09MH0cjmjb9D/iunk0gRMeWhNsZRx/7C3TV2fqmlPkS1z+TE+/doPLMURggpMnaiD8IzEQbFu8jAxGoA==
    dependencies:
      "@pixi/constants" "^5.0.0-rc.2"
      "@pixi/core" "^5.0.0-rc.2"
      "@pixi/display" "^5.0.0-rc.2"
      "@pixi/math" "^5.0.0-rc.2"
      "@pixi/sprite" "^5.0.0-rc.2"
      "@pixi/utils" "^5.0.0-rc.2"
  
  "@pixi/interaction@^5.0.0-rc.2":
    version "5.0.0-rc.2"
    resolved "https://registry.yarnpkg.com/@pixi/interaction/-/interaction-5.0.0-rc.2.tgz#df35a76cee1c7a814b13c4dbaed6d0c9e723b3fd"
    integrity sha512-IAR95ZEAAaL1cktGotpx3Op74ZCqPmfDK1k8JUHihHsS7ylPAiBIY7uAq3CL8lHtqi3/WLVK+ofa6+dNQ9mcSw==
    dependencies:
      "@pixi/core" "^5.0.0-rc.2"
      "@pixi/display" "^5.0.0-rc.2"
      "@pixi/math" "^5.0.0-rc.2"
      "@pixi/ticker" "^5.0.0-rc.2"
      "@pixi/utils" "^5.0.0-rc.2"
      eventemitter3 "^2.0.0"
  
  "@pixi/loaders@^5.0.0-rc.2":
    version "5.0.0-rc.2"
    resolved "https://registry.yarnpkg.com/@pixi/loaders/-/loaders-5.0.0-rc.2.tgz#49223e1a3a73678e3a3e8ad034669b4526668fed"
    integrity sha512-/PgWcmfTHHUpLj8Vy9q2+93SU4sC/IX74ZK32sw+P5Ny45zk+xBHIyQK18OxS+dEy1m5iRxSv4FglRA3HqsHaw==
    dependencies:
      "@pixi/core" "^5.0.0-rc.2"
      "@pixi/utils" "^5.0.0-rc.2"
      eventemitter3 "^2.0.0"
      resource-loader "^2.2.3"
  
  "@pixi/math@^5.0.0-rc.2":
    version "5.0.0-rc.2"
    resolved "https://registry.yarnpkg.com/@pixi/math/-/math-5.0.0-rc.2.tgz#ab688f741498cda7f21f20dd28d3b1a890b2fe10"
    integrity sha512-F3b/j6Y6gTSRt2L33VsRs/D6mvHKGRQ10mbYC5XF9eQH9wKJRtGenwVlEtXcmZ/aJDw2vRLZYqvRsHTRj8nPeA==
  
  "@pixi/mesh-extras@^5.0.0-rc.2":
    version "5.0.0-rc.2"
    resolved "https://registry.yarnpkg.com/@pixi/mesh-extras/-/mesh-extras-5.0.0-rc.2.tgz#831cfe090c4a9328d617a842735286daae6a9b6d"
    integrity sha512-x13/LLgrGI4ErMSyB+Smng6u8ZcSTBvwGrr83XEhidG9dUER0iEzsKwYKQIpEmneWraXhaHnVWlQQTRhq9J9XQ==
    dependencies:
      "@pixi/constants" "^5.0.0-rc.2"
      "@pixi/core" "^5.0.0-rc.2"
      "@pixi/math" "^5.0.0-rc.2"
      "@pixi/mesh" "^5.0.0-rc.2"
      "@pixi/utils" "^5.0.0-rc.2"
  
  "@pixi/mesh@^5.0.0-rc.2":
    version "5.0.0-rc.2"
    resolved "https://registry.yarnpkg.com/@pixi/mesh/-/mesh-5.0.0-rc.2.tgz#05ec958e2674abf4979e3468e9adc0385c1c5ac2"
    integrity sha512-xB+KgX06yLD2t/H65baEgwNjA+kCzvOVcG4xfBvFhL1uM+tPP86xn6xc6qI/CB4+0N5KfKEcvXM0n/Lkh7yD4w==
    dependencies:
      "@pixi/constants" "^5.0.0-rc.2"
      "@pixi/core" "^5.0.0-rc.2"
      "@pixi/display" "^5.0.0-rc.2"
      "@pixi/math" "^5.0.0-rc.2"
      "@pixi/settings" "^5.0.0-rc.2"
      "@pixi/utils" "^5.0.0-rc.2"
  
  "@pixi/mixin-cache-as-bitmap@^5.0.0-rc.2":
    version "5.0.0-rc.2"
    resolved "https://registry.yarnpkg.com/@pixi/mixin-cache-as-bitmap/-/mixin-cache-as-bitmap-5.0.0-rc.2.tgz#5d2a7ae2d7b163bc448ac25d60b37ef4af9f09cb"
    integrity sha512-EW64kITg+YMhVwtJXdBU+gHtfQJmMWopjlVWmYOyXmCGuxfQcLw7qoFa6UZnwFdces5F8Pq8Sl02NMtr3RWTMQ==
    dependencies:
      "@pixi/core" "^5.0.0-rc.2"
      "@pixi/display" "^5.0.0-rc.2"
      "@pixi/math" "^5.0.0-rc.2"
      "@pixi/settings" "^5.0.0-rc.2"
      "@pixi/sprite" "^5.0.0-rc.2"
      "@pixi/utils" "^5.0.0-rc.2"
  
  "@pixi/mixin-get-child-by-name@^5.0.0-rc.2":
    version "5.0.0-rc.2"
    resolved "https://registry.yarnpkg.com/@pixi/mixin-get-child-by-name/-/mixin-get-child-by-name-5.0.0-rc.2.tgz#85518d958301d69be2b15c66b61734738d3f005c"
    integrity sha512-IAkKeXs/6fjqyjUi7myuFXLsrUldANdf9ZQqWkFGHe2PBVqf26jSCiZwrCa8/T1+2Bus0DfRVrU43k/bzXLl3g==
    dependencies:
      "@pixi/display" "^5.0.0-rc.2"
  
  "@pixi/mixin-get-global-position@^5.0.0-rc.2":
    version "5.0.0-rc.2"
    resolved "https://registry.yarnpkg.com/@pixi/mixin-get-global-position/-/mixin-get-global-position-5.0.0-rc.2.tgz#d3beed6bc37e7349f2b030712b2cee59306ff034"
    integrity sha512-pTIO4GTRjYkQW/0ymWTX2FJNe/Q8C4qW9Zw1NrSk2sI980y93Ncw61RosU5U6pegzTC5DOnyr6jE4H5+i9hpPw==
    dependencies:
      "@pixi/display" "^5.0.0-rc.2"
      "@pixi/math" "^5.0.0-rc.2"
  
  "@pixi/particles@^5.0.0-rc.2":
    version "5.0.0-rc.2"
    resolved "https://registry.yarnpkg.com/@pixi/particles/-/particles-5.0.0-rc.2.tgz#7779fc4ac57d7223799712cb0d454ca30039bccc"
    integrity sha512-735BOPrJyDMCdjlHURFw903sQXEtRF46YSPQPz+sU0cbdQ6MGejgz6cmmVQRO+Xh+aY0QJDSXmfL7VE7fTNB6w==
    dependencies:
      "@pixi/constants" "^5.0.0-rc.2"
      "@pixi/core" "^5.0.0-rc.2"
      "@pixi/display" "^5.0.0-rc.2"
      "@pixi/math" "^5.0.0-rc.2"
      "@pixi/utils" "^5.0.0-rc.2"
  
  "@pixi/prepare@^5.0.0-rc.2":
    version "5.0.0-rc.2"
    resolved "https://registry.yarnpkg.com/@pixi/prepare/-/prepare-5.0.0-rc.2.tgz#964c0d66c279ae592f31f7bc245c1637dd01fabe"
    integrity sha512-vXlmX5kSOk9LrSYThMe6dpVGPpVR4ohtcsBCk37cjg5n7vKVMeQB8KOUJ2VBsXvO0fK5ZjCv40I+3Fck4darsg==
    dependencies:
      "@pixi/canvas-renderer" "^5.0.0-rc.2"
      "@pixi/core" "^5.0.0-rc.2"
      "@pixi/display" "^5.0.0-rc.2"
      "@pixi/graphics" "^5.0.0-rc.2"
      "@pixi/settings" "^5.0.0-rc.2"
      "@pixi/text" "^5.0.0-rc.2"
      "@pixi/ticker" "^5.0.0-rc.2"
  
  "@pixi/settings@^5.0.0-rc.2":
    version "5.0.0-rc.2"
    resolved "https://registry.yarnpkg.com/@pixi/settings/-/settings-5.0.0-rc.2.tgz#7f49771047daf3938a48b8706c8d1bbf7bad1528"
    integrity sha512-FtZzQJtrw/p0c1cyZO7FVL168IXKW0RkmV6VoE3tCo+388iDmI5hjAXjVBqOLW+R+NzUtP2FcQJy1/DBg5rdww==
    dependencies:
      ismobilejs "^0.5.1"
  
  "@pixi/sprite-animated@^5.0.0-rc.2":
    version "5.0.0-rc.2"
    resolved "https://registry.yarnpkg.com/@pixi/sprite-animated/-/sprite-animated-5.0.0-rc.2.tgz#9bd0434f0f6b6a3a678aaa154d6c221185aeb78a"
    integrity sha512-H30qqND5Zz+RphrpUiOyMzPBaT8brm8ILM2RQyaTPDp/zKYp/rmExNph6zCqTE3xPKiL59sDHDdlvobydg2wcQ==
    dependencies:
      "@pixi/core" "^5.0.0-rc.2"
      "@pixi/sprite" "^5.0.0-rc.2"
      "@pixi/ticker" "^5.0.0-rc.2"
  
  "@pixi/sprite-tiling@^5.0.0-rc.2":
    version "5.0.0-rc.2"
    resolved "https://registry.yarnpkg.com/@pixi/sprite-tiling/-/sprite-tiling-5.0.0-rc.2.tgz#11eaff77ef2ffee87bcd44155129a97f1603efe2"
    integrity sha512-Ffp7b45wOfPBFQhIB2H7OoIJNdbkR/dxGPzdon/II1U/xgiRKIlvwJuoI2qglu5PXYU9p8LyekWmqjySdh97Zw==
    dependencies:
      "@pixi/constants" "^5.0.0-rc.2"
      "@pixi/core" "^5.0.0-rc.2"
      "@pixi/display" "^5.0.0-rc.2"
      "@pixi/math" "^5.0.0-rc.2"
      "@pixi/sprite" "^5.0.0-rc.2"
      "@pixi/utils" "^5.0.0-rc.2"
  
  "@pixi/sprite@^5.0.0-rc.2":
    version "5.0.0-rc.2"
    resolved "https://registry.yarnpkg.com/@pixi/sprite/-/sprite-5.0.0-rc.2.tgz#d6f2217441bd095eb668cba45c947f63a1379fc4"
    integrity sha512-DvEQw0GvwhCMIK8xk4IyF3TWlDwlpM3urdEmoxCZicaKCFkgfofb3O5wjIrQNdJ4LqaTysr30rGxW3oX/KOWGQ==
    dependencies:
      "@pixi/canvas-renderer" "^5.0.0-rc.2"
      "@pixi/constants" "^5.0.0-rc.2"
      "@pixi/core" "^5.0.0-rc.2"
      "@pixi/display" "^5.0.0-rc.2"
      "@pixi/math" "^5.0.0-rc.2"
      "@pixi/settings" "^5.0.0-rc.2"
      "@pixi/utils" "^5.0.0-rc.2"
  
  "@pixi/spritesheet@^5.0.0-rc.2":
    version "5.0.0-rc.2"
    resolved "https://registry.yarnpkg.com/@pixi/spritesheet/-/spritesheet-5.0.0-rc.2.tgz#2ee7ff5ea483b0d02ce9f6ac2afb9a9bfed6141f"
    integrity sha512-9csCIqFGvpPeEQMjCfO9CvvDJTuVL2DSRUbUgwoiSdHW2H9IjVKloHo4nen/HtHysva2CDBj5nsK4YcLd+FvVA==
    dependencies:
      "@pixi/core" "^5.0.0-rc.2"
      "@pixi/loaders" "^5.0.0-rc.2"
      "@pixi/math" "^5.0.0-rc.2"
      "@pixi/utils" "^5.0.0-rc.2"
      url "^0.11.0"
  
  "@pixi/text-bitmap@^5.0.0-rc.2":
    version "5.0.0-rc.2"
    resolved "https://registry.yarnpkg.com/@pixi/text-bitmap/-/text-bitmap-5.0.0-rc.2.tgz#626e08c3e08a0a20cdcfaa6688b8245082791bcb"
    integrity sha512-UsdfBrf/nAbW5+9l25uv3K92ClPHxIvsuZ3mjikskk+9kJK7rgbbCsz7vrR1kYFLd9rN9V83fIvGMnM0/9iSoQ==
    dependencies:
      "@pixi/core" "^5.0.0-rc.2"
      "@pixi/display" "^5.0.0-rc.2"
      "@pixi/loaders" "^5.0.0-rc.2"
      "@pixi/math" "^5.0.0-rc.2"
      "@pixi/settings" "^5.0.0-rc.2"
      "@pixi/sprite" "^5.0.0-rc.2"
      "@pixi/utils" "^5.0.0-rc.2"
  
  "@pixi/text@^5.0.0-rc.2":
    version "5.0.0-rc.2"
    resolved "https://registry.yarnpkg.com/@pixi/text/-/text-5.0.0-rc.2.tgz#e6d91b5827dd5c49158bed64b10caa0b1b9631ff"
    integrity sha512-03fI91ZtRX0bwc1aBJDqDRLyUOb1ouCJmrn3CuTnxHZQC7kc79g1PbVSeDx3zDLnQXeVBPKcOW6yn68rNWkJkQ==
    dependencies:
      "@pixi/core" "^5.0.0-rc.2"
      "@pixi/math" "^5.0.0-rc.2"
      "@pixi/settings" "^5.0.0-rc.2"
      "@pixi/sprite" "^5.0.0-rc.2"
      "@pixi/utils" "^5.0.0-rc.2"
  
  "@pixi/ticker@^5.0.0-rc.2":
    version "5.0.0-rc.2"
    resolved "https://registry.yarnpkg.com/@pixi/ticker/-/ticker-5.0.0-rc.2.tgz#55f6833588ed3994b6a557d0dfa71464aaeb830d"
    integrity sha512-HgEBdytpFfxUYuQb7fMBVD9oMvE0xvodtMr8TEimRJLIf9ApQMS010MgqwFv+0EdYey++8cGKu8ivK6VAmvhyw==
    dependencies:
      "@pixi/settings" "^5.0.0-rc.2"
  
  "@pixi/utils@^5.0.0-rc.2":
    version "5.0.0-rc.2"
    resolved "https://registry.yarnpkg.com/@pixi/utils/-/utils-5.0.0-rc.2.tgz#b71db5dca6c52cf02df6c8a00ed3527043f3002d"
    integrity sha512-kqQArdJ4tc4dDg06fQG0Cal2tSlFSB7uZdtfFsCm3d70Hd0bhh0IQZ1iP4wY9gpii8bYCeIUAyQMkCdFbYWuDg==
    dependencies:
      "@pixi/constants" "^5.0.0-rc.2"
      "@pixi/settings" "^5.0.0-rc.2"
      earcut "^2.1.3"
      eventemitter3 "^2.0.0"
      ismobilejs "^0.5.1"
      remove-array-items "^1.0.0"
      url "^0.11.0"
  
  bootstrap-colorpicker@^3.0.3:
    version "3.0.3"
    resolved "https://registry.yarnpkg.com/bootstrap-colorpicker/-/bootstrap-colorpicker-3.0.3.tgz#9fb703e96254ba51c83e6a2274138bdcde1adaf6"
    integrity sha512-xDVuG5ZLDKLoYdBodnrKo417eqFlNwpk6gNbv1mAFdFno0p0xnkYm9KQTiUqR4kva9t+hlJJc2UURZnD6fvn+Q==
    dependencies:
      bootstrap "^4.0"
      jquery ">=2.1.0"
  
  bootstrap@4.3.1, bootstrap@^4.0:
    version "4.3.1"
    resolved "https://registry.yarnpkg.com/bootstrap/-/bootstrap-4.3.1.tgz#280ca8f610504d99d7b6b4bfc4b68cec601704ac"
    integrity sha512-rXqOmH1VilAt2DyPzluTi2blhk17bO7ef+zLLPlWvG494pDxcM234pJ8wTc/6R40UWizAIIMgxjvxZg5kmsbag==
  
  earcut@^2.1.3:
    version "2.1.5"
    resolved "https://registry.yarnpkg.com/earcut/-/earcut-2.1.5.tgz#829280a9a3a0f5fee0529f0a47c3e4eff09b21e4"
    integrity sha512-QFWC7ywTVLtvRAJTVp8ugsuuGQ5mVqNmJ1cRYeLrSHgP3nycr2RHTJob9OtM0v8ujuoKN0NY1a93J/omeTL1PA==
  
  eventemitter3@^2.0.0:
    version "2.0.3"
    resolved "https://registry.yarnpkg.com/eventemitter3/-/eventemitter3-2.0.3.tgz#b5e1079b59fb5e1ba2771c0a993be060a58c99ba"
    integrity sha1-teEHm1n7XhuidxwKmTvgYKWMmbo=
  
  font-awesome@^4.7.0:
    version "4.7.0"
    resolved "https://registry.yarnpkg.com/font-awesome/-/font-awesome-4.7.0.tgz#8fa8cf0411a1a31afd07b06d2902bb9fc815a133"
    integrity sha1-j6jPBBGhoxr9B7BtKQK7n8gVoTM=
  
  ismobilejs@^0.5.1:
    version "0.5.1"
    resolved "https://registry.yarnpkg.com/ismobilejs/-/ismobilejs-0.5.1.tgz#0e3f825e29e32f84ad5ddbb60e9e04a894046488"
    integrity sha512-QX4STsOcBYqlTjVGuAdP1MiRVxtiUbRHOKH0v7Gn1EvfUVIQnrSdgCM4zB4VCZuIejnb2NUMUx0Bwd3EIG6yyA==
  
  jquery-nice-select@^1.1.0:
    version "1.1.0"
    resolved "https://registry.yarnpkg.com/jquery-nice-select/-/jquery-nice-select-1.1.0.tgz#9cd590fead56afe6bccd41294293fba356189c7d"
    integrity sha1-nNWQ/q1Wr+a8zUEpQpP7o1YYnH0=
    dependencies:
      jquery "^2.2.3"
  
  jquery@1.9:
    version "1.9.1"
    resolved "https://registry.yarnpkg.com/jquery/-/jquery-1.9.1.tgz#e4cd4835faaefbade535857613c0fc3ff2adaf34"
    integrity sha1-5M1INfqu+63lNYV2E8D8P/KtrzQ=
  
  jquery@>=2.1.0:
    version "3.3.1"
    resolved "https://registry.yarnpkg.com/jquery/-/jquery-3.3.1.tgz#958ce29e81c9790f31be7792df5d4d95fc57fbca"
    integrity sha512-Ubldcmxp5np52/ENotGxlLe6aGMvmF4R8S6tZjsP6Knsaxd/xp3Zrh50cG93lR6nPXyUFwzN3ZSOQI0wRJNdGg==
  
  jquery@^2.2.3:
    version "2.2.4"
    resolved "https://registry.yarnpkg.com/jquery/-/jquery-2.2.4.tgz#2c89d6889b5eac522a7eea32c14521559c6cbf02"
    integrity sha1-LInWiJterFIqfuoywUUhVZxsvwI=
  
  mini-runner@^1.0.1:
    version "1.0.1"
    resolved "https://registry.yarnpkg.com/mini-runner/-/mini-runner-1.0.1.tgz#49c4e1ab98b70593fa03988508ba9e29a6176444"
    integrity sha1-ScThq5i3BZP6A5iFCLqeKaYXZEQ=
  
  mini-signals@^1.1.1:
    version "1.2.0"
    resolved "https://registry.yarnpkg.com/mini-signals/-/mini-signals-1.2.0.tgz#45b08013c5fae51a24aa1a935cd317c9ed721d74"
    integrity sha1-RbCAE8X65RokqhqTXNMXye1yHXQ=
  
  parse-uri@^1.0.0:
    version "1.0.0"
    resolved "https://registry.yarnpkg.com/parse-uri/-/parse-uri-1.0.0.tgz#2872dcc22f1a797acde1583d8a0ac29552ddac20"
    integrity sha1-KHLcwi8aeXrN4Vg9igrClVLdrCA=
  
  pixi.js@^5.0.0-rc.2:
    version "5.0.0-rc.2"
    resolved "https://registry.yarnpkg.com/pixi.js/-/pixi.js-5.0.0-rc.2.tgz#9dd32d6b6455bb24240aac51fe959980e74c5783"
    integrity sha512-9hKz4S7d9k1imH8a+fyImXUuXEDJR50LtN71HuW7x7eHmfDBoqQYx8Vdn5KA296Lssn6faf5hgM6/JPaZpgiiQ==
    dependencies:
      "@pixi/accessibility" "^5.0.0-rc.2"
      "@pixi/app" "^5.0.0-rc.2"
      "@pixi/constants" "^5.0.0-rc.2"
      "@pixi/core" "^5.0.0-rc.2"
      "@pixi/display" "^5.0.0-rc.2"
      "@pixi/extract" "^5.0.0-rc.2"
      "@pixi/filter-alpha" "^5.0.0-rc.2"
      "@pixi/filter-blur" "^5.0.0-rc.2"
      "@pixi/filter-color-matrix" "^5.0.0-rc.2"
      "@pixi/filter-displacement" "^5.0.0-rc.2"
      "@pixi/filter-fxaa" "^5.0.0-rc.2"
      "@pixi/filter-noise" "^5.0.0-rc.2"
      "@pixi/graphics" "^5.0.0-rc.2"
      "@pixi/interaction" "^5.0.0-rc.2"
      "@pixi/loaders" "^5.0.0-rc.2"
      "@pixi/math" "^5.0.0-rc.2"
      "@pixi/mesh" "^5.0.0-rc.2"
      "@pixi/mesh-extras" "^5.0.0-rc.2"
      "@pixi/mixin-cache-as-bitmap" "^5.0.0-rc.2"
      "@pixi/mixin-get-child-by-name" "^5.0.0-rc.2"
      "@pixi/mixin-get-global-position" "^5.0.0-rc.2"
      "@pixi/particles" "^5.0.0-rc.2"
      "@pixi/prepare" "^5.0.0-rc.2"
      "@pixi/settings" "^5.0.0-rc.2"
      "@pixi/sprite" "^5.0.0-rc.2"
      "@pixi/sprite-animated" "^5.0.0-rc.2"
      "@pixi/sprite-tiling" "^5.0.0-rc.2"
      "@pixi/spritesheet" "^5.0.0-rc.2"
      "@pixi/text" "^5.0.0-rc.2"
      "@pixi/text-bitmap" "^5.0.0-rc.2"
      "@pixi/ticker" "^5.0.0-rc.2"
      "@pixi/utils" "^5.0.0-rc.2"
  
  popper.js@^1.14:
    version "1.14.7"
    resolved "https://registry.yarnpkg.com/popper.js/-/popper.js-1.14.7.tgz#e31ec06cfac6a97a53280c3e55e4e0c860e7738e"
    integrity sha512-4q1hNvoUre/8srWsH7hnoSJ5xVmIL4qgz+s4qf2TnJIMyZFUFMGH+9vE7mXynAlHSZ/NdTmmow86muD0myUkVQ==
  
  punycode@1.3.2:
    version "1.3.2"
    resolved "https://registry.yarnpkg.com/punycode/-/punycode-1.3.2.tgz#9653a036fb7c1ee42342f2325cceefea3926c48d"
    integrity sha1-llOgNvt8HuQjQvIyXM7v6jkmxI0=
  
  querystring@0.2.0:
    version "0.2.0"
    resolved "https://registry.yarnpkg.com/querystring/-/querystring-0.2.0.tgz#b209849203bb25df820da756e747005878521620"
    integrity sha1-sgmEkgO7Jd+CDadW50cAWHhSFiA=
  
  remove-array-items@^1.0.0:
    version "1.1.1"
    resolved "https://registry.yarnpkg.com/remove-array-items/-/remove-array-items-1.1.1.tgz#fd745ff73d0822e561ea910bf1b401fc7843e693"
    integrity sha512-MXW/jtHyl5F1PZI7NbpS8SOtympdLuF20aoWJT5lELR1p/HJDd5nqW8Eu9uLh/hCRY3FgvrIT5AwDCgBODklcA==
  
  resource-loader@^2.2.3:
    version "2.2.3"
    resolved "https://registry.yarnpkg.com/resource-loader/-/resource-loader-2.2.3.tgz#2c8b075b7b9328a2e72fba6f51b4dff274870000"
    integrity sha512-SsxilncV7gxwr12clSq0E2HZh8QjcosVVSEAnZ3VF9VtBNNtO3UFxxXT9pJgkVEJUHAlXg26MkkTOMjyz1kDdw==
    dependencies:
      mini-signals "^1.1.1"
      parse-uri "^1.0.0"
  
  tabulator-tables@^4.2.3:
    version "4.2.3"
    resolved "https://registry.yarnpkg.com/tabulator-tables/-/tabulator-tables-4.2.3.tgz#7939a6dc350dca2098797933b2e924e6b0ef4b35"
    integrity sha512-vMQ/8/HSKzOdn1zd9uv7EmnBnMTlX8JMhfxAxEUkM12qYiqhapWp/iN2ErtDX2cVi+4CUaEn61qydSFJyKjdYA==
  
  url@^0.11.0:
    version "0.11.0"
    resolved "https://registry.yarnpkg.com/url/-/url-0.11.0.tgz#3838e97cfc60521eb73c525a8e55bfdd9e2e28f1"
    integrity sha1-ODjpfPxgUh63PFJajlW/3Z4uKPE=
    dependencies:
      punycode "1.3.2"
      querystring "0.2.0"
  
  webfont.js@^1.0.2:
    version "1.0.2"
    resolved "https://registry.yarnpkg.com/webfont.js/-/webfont.js-1.0.2.tgz#efdced03d1c2649dfb8953b7549e438823922ed8"
    integrity sha512-zmFYYMDehHdhk1sB58jHlMezr1PcOpCJoIWbBDsDs4sjXeMSEqjuThDI0Kizv+5GarrHuIf2FoSOko8i4BrW+Q==
